d:\qt project\schedule\schedule\x64\debug\vc120.pdb
d:\qt project\schedule\schedule\x64\debug\qrc_schedule.obj
d:\qt project\schedule\schedule\x64\debug\secretary.obj
d:\qt project\schedule\schedule\x64\debug\login.obj
d:\qt project\schedule\schedule\x64\debug\moc_secretary.obj
d:\qt project\schedule\schedule\x64\debug\main.obj
d:\qt project\schedule\schedule\x64\debug\moc_login.obj
d:\qt project\schedule\schedule\x64\debug\teacher.obj
d:\qt project\schedule\schedule\x64\debug\moc_teacher.obj
d:\qt project\schedule\schedule\x64\debug\moc_timetable.obj
d:\qt project\schedule\schedule\x64\debug\timetabwidget.obj
d:\qt project\schedule\schedule\x64\debug\timetable.obj
d:\qt project\schedule\schedule\x64\debug\moc_timetabwidget.obj
d:\qt project\schedule\schedule\generatedfiles\qrc_schedule.cpp
d:\qt project\schedule\schedule\generatedfiles\ui_login.h
d:\qt project\schedule\schedule\generatedfiles\debug\moc_login.cpp
d:\qt project\schedule\schedule\generatedfiles\debug\moc_teacher.cpp
d:\qt project\schedule\schedule\generatedfiles\ui_teacher.h
d:\qt project\schedule\schedule\generatedfiles\ui_timetabwidget.h
d:\qt project\schedule\schedule\generatedfiles\ui_secretary.h
d:\qt project\schedule\schedule\generatedfiles\debug\moc_timetabwidget.cpp
d:\qt project\schedule\schedule\generatedfiles\debug\moc_timetable.cpp
d:\qt project\schedule\schedule\generatedfiles\debug\moc_secretary.cpp
d:\qt project\schedule\x64\debug\schedule.ilk
d:\qt project\schedule\x64\debug\schedule.exe
d:\qt project\schedule\x64\debug\schedule.pdb
d:\qt project\schedule\schedule\x64\debug\schedule.tlog\cl.command.1.tlog
d:\qt project\schedule\schedule\x64\debug\schedule.tlog\cl.read.1.tlog
d:\qt project\schedule\schedule\x64\debug\schedule.tlog\cl.write.1.tlog
d:\qt project\schedule\schedule\x64\debug\schedule.tlog\custombuild.command.1.tlog
d:\qt project\schedule\schedule\x64\debug\schedule.tlog\custombuild.read.1.tlog
d:\qt project\schedule\schedule\x64\debug\schedule.tlog\custombuild.write.1.tlog
d:\qt project\schedule\schedule\x64\debug\schedule.tlog\link.command.1.tlog
d:\qt project\schedule\schedule\x64\debug\schedule.tlog\link.read.1.tlog
d:\qt project\schedule\schedule\x64\debug\schedule.tlog\link.write.1.tlog
