生成启动时间为 2015/6/24 10:40:19。
     1>项目“D:\qt project\Schedule\Schedule\Schedule.vcxproj”在节点 2 上(Build 个目标)。
     1>CustomBuild:
         Moc'ing login.h...
         Uic'ing login.ui...
         Rcc'ing schedule.qrc...
     1>RCC : warning : No resources in 'D:\qt project\Schedule\Schedule\schedule.qrc'.
         
     1>C:\Program Files (x86)\MSBuild\Microsoft.Cpp\v4.0\V120\Microsoft.CppBuild.targets(935,5): warning MSB8027: Two or more files with the name of moc_login.cpp will produce outputs to the same location. This can lead to an incorrect build result.  The files involved are GeneratedFiles\Debug\moc_login.cpp, GeneratedFiles\Release\moc_login.cpp.
       ClCompile:
         D:\Program Files (x86)\vs2013\VC\bin\CL.exe /c /I.\GeneratedFiles /I. /ID:\qt\5.4\msvc2013_64\include /I.\GeneratedFiles\Debug /ID:\qt\5.4\msvc2013_64\include\QtCore /ID:\qt\5.4\msvc2013_64\include\QtGui /ID:\qt\5.4\msvc2013_64\include\QtNetwork /ID:\qt\5.4\msvc2013_64\include\QtSql /ID:\qt\5.4\msvc2013_64\include\QtWidgets /Zi /nologo /W1 /WX- /Od /Oy- /D UNICODE /D WIN32 /D WIN64 /D QT_DLL /D QT_CORE_LIB /D QT_GUI_LIB /D QT_NETWORK_LIB /D QT_SQL_LIB /D QT_WIDGETS_LIB /Gm- /EHsc /MDd /GS /fp:precise /Zc:wchar_t /Zc:forScope /Fo"Debug\\" /Fd"Debug\vc120.pdb" /Gd /TP /analyze- /errorReport:prompt GeneratedFiles\Debug\moc_login.cpp login.cpp main.cpp
         moc_login.cpp
         login.cpp
         main.cpp
         正在生成代码...
         D:\Program Files (x86)\vs2013\VC\bin\CL.exe /c /I.\GeneratedFiles /I. /ID:\qt\5.4\msvc2013_64\include /I.\GeneratedFiles\Debug /ID:\qt\5.4\msvc2013_64\include\QtCore /ID:\qt\5.4\msvc2013_64\include\QtGui /ID:\qt\5.4\msvc2013_64\include\QtNetwork /ID:\qt\5.4\msvc2013_64\include\QtSql /ID:\qt\5.4\msvc2013_64\include\QtWidgets /Zi /nologo /W1 /WX- /Od /Oy- /D UNICODE /D WIN32 /D WIN64 /D QT_DLL /D QT_CORE_LIB /D QT_GUI_LIB /D QT_NETWORK_LIB /D QT_SQL_LIB /D QT_WIDGETS_LIB /Gm- /EHsc /MDd /GS /fp:precise /Zc:wchar_t /Zc:forScope /Fo"Debug\\" /Fd"Debug\vc120.pdb" /Gd /TP /analyze- /errorReport:prompt GeneratedFiles\qrc_schedule.cpp
         qrc_schedule.cpp
       Link:
         D:\Program Files (x86)\vs2013\VC\bin\link.exe /ERRORREPORT:PROMPT /OUT:"D:\qt project\Schedule\Win32\Debug\\Schedule.exe" /NOLOGO /LIBPATH:D:\qt\5.4\msvc2013_64\lib qtmaind.lib Qt5Cored.lib Qt5Guid.lib Qt5Networkd.lib Qt5Sqld.lib Qt5Widgetsd.lib kernel32.lib user32.lib gdi32.lib winspool.lib comdlg32.lib advapi32.lib shell32.lib ole32.lib oleaut32.lib uuid.lib odbc32.lib odbccp32.lib /MANIFEST /MANIFESTUAC:"level='asInvoker' uiAccess='false'" /manifest:embed /DEBUG /PDB:"D:\qt project\Schedule\Win32\Debug\Schedule.pdb" /SUBSYSTEM:WINDOWS /TLBID:1 /DYNAMICBASE /NXCOMPAT /IMPLIB:"D:\qt project\Schedule\Win32\Debug\Schedule.lib" /MACHINE:X86 /SAFESEH Debug\moc_login.obj
         Debug\qrc_schedule.obj
         Debug\login.obj
         Debug\main.obj
     1>Qt5Widgetsd.lib(Qt5Widgetsd.dll) : fatal error LNK1112: 模块计算机类型“x64”与目标计算机类型“X86”冲突
     1>已完成生成项目“D:\qt project\Schedule\Schedule\Schedule.vcxproj”(Build 个目标)的操作 - 失败。

生成失败。

已用时间 00:00:15.63
